<?xml version="1.0" encoding="UTF-8"?>
<!-- Generated by org.testng.reporters.JUnitReportReporter -->
<testsuite hostname="BLR1-LHP-N80937" failures="0" tests="2" name="com.testng.Demo" time="0.012" errors="0" timestamp="2023-06-26T18:15:13 IST" skipped="0">
  <testcase classname="com.testng.Demo" name="test1" time="0.006"/>
  <testcase classname="com.testng.Demo" name="test2" time="0.006"/>
</testsuite> <!-- com.testng.Demo -->
