<?xml version="1.0" encoding="UTF-8"?>
<!-- Generated by org.testng.reporters.JUnitReportReporter -->
<testsuite hostname="BLR1-LHP-N80937" failures="0" tests="4" name="com.testng.TestForProductCheckOut" time="3.316" errors="0" timestamp="2023-06-23T15:13:30 IST" skipped="0">
  <testcase classname="com.testng.TestForProductCheckOut" name="SetUp" time="2.536"/>
  <testcase classname="com.testng.TestForProductCheckOut" name="Login" time="0.188"/>
  <testcase classname="com.testng.TestForProductCheckOut" name="addingProductToCart" time="0.116"/>
  <testcase classname="com.testng.TestForProductCheckOut" name="ProductCheckOut" time="0.476"/>
</testsuite> <!-- com.testng.TestForProductCheckOut -->
