<?xml version="1.0" encoding="UTF-8"?>
<!-- Generated by org.testng.reporters.JUnitReportReporter -->
<testsuite hostname="BLR1-LHP-N80937" failures="0" tests="5" name="com.pom.SW_LoginTest" time="18.899" errors="0" timestamp="2023-07-12T10:50:23 IST" skipped="0">
  <testcase classname="com.pom.SW_LoginTest" name="verifyErrorMeassageForInvalidUser" time="4.303"/>
  <testcase classname="com.pom.SW_LoginTest" name="verifyErrorMeassageForInvalidUser" time="3.612"/>
  <testcase classname="com.pom.SW_LoginTest" name="verifyErrorMeassageForInvalidUser" time="3.624"/>
  <testcase classname="com.pom.SW_LoginTest" name="verifyErrorMeassageForInvalidUser" time="3.642"/>
  <testcase classname="com.pom.SW_LoginTest" name="verifyErrorMeassageForInvalidUser" time="3.718"/>
</testsuite> <!-- com.pom.SW_LoginTest -->
