<?xml version="1.0" encoding="UTF-8"?>
<!-- Generated by org.testng.reporters.JUnitReportReporter -->
<testsuite hostname="BLR1-LHP-N80937" failures="0" tests="4" name="com.poc.SauceDemoProductCheckOut" time="12.822" errors="0" timestamp="2023-06-27T11:08:35 IST" skipped="0">
  <testcase classname="com.poc.SauceDemoProductCheckOut" name="Login" time="2.220"/>
  <testcase classname="com.poc.SauceDemoProductCheckOut" name="addingProductToCart" time="2.154"/>
  <testcase classname="com.poc.SauceDemoProductCheckOut" name="ProductCheckOut" time="5.336"/>
  <testcase classname="com.poc.SauceDemoProductCheckOut" name="Logout" time="3.112"/>
</testsuite> <!-- com.poc.SauceDemoProductCheckOut -->
