<?xml version="1.0" encoding="UTF-8"?>
<!-- Generated by org.testng.reporters.JUnitReportReporter -->
<testsuite hostname="BLR1-LHP-N80937" failures="0" tests="3" name="com.testng.TestForLoginDataProvider" time="12.204" errors="0" timestamp="2023-06-26T18:19:34 IST" skipped="0">
  <testcase classname="com.testng.TestForLoginDataProvider" name="Login" time="7.284"/>
  <testcase classname="com.testng.TestForLoginDataProvider" name="Login" time="2.635"/>
  <testcase classname="com.testng.TestForLoginDataProvider" name="Login" time="2.285"/>
</testsuite> <!-- com.testng.TestForLoginDataProvider -->
