<?xml version="1.0" encoding="UTF-8"?>
<!-- Generated by org.testng.reporters.JUnitReportReporter -->
<testsuite hostname="BLR1-LHP-N80937" failures="0" tests="1" name="com.pom.SW_ProductCheckout" time="6.215" errors="0" timestamp="2023-07-05T09:42:17 IST" skipped="0">
  <testcase classname="com.pom.SW_ProductCheckout" name="ProductCheckOut" time="6.215"/>
</testsuite> <!-- com.pom.SW_ProductCheckout -->
