<?xml version="1.0" encoding="UTF-8"?>
<!-- Generated by org.testng.reporters.JUnitReportReporter -->
<testsuite hostname="BLR1-LHP-N80937" failures="0" tests="1" name="com.pom.SW_VerificationOfCartValueTest" time="4.264" errors="0" timestamp="2023-07-12T10:50:23 IST" skipped="0">
  <testcase classname="com.pom.SW_VerificationOfCartValueTest" name="VerifiyCartValue" time="4.264"/>
</testsuite> <!-- com.pom.SW_VerificationOfCartValueTest -->
