<?xml version="1.0" encoding="UTF-8"?>
<!-- Generated by org.testng.reporters.JUnitReportReporter -->
<testsuite hostname="BLR1-LHP-N80937" failures="0" tests="6" name="com.testng.TestForLogin" time="17.333" errors="0" timestamp="2023-06-26T14:55:54 IST" skipped="0">
  <testcase classname="com.testng.TestForLogin" name="LoginSuccess" time="1.947"/>
  <testcase classname="com.testng.TestForLogin" name="LoginSuccess" time="6.847"/>
  <testcase classname="com.testng.TestForLogin" name="LoginSuccess" time="1.934"/>
  <testcase classname="com.testng.TestForLogin" name="LoginFailed" time="2.752"/>
  <testcase classname="com.testng.TestForLogin" name="LoginFailed" time="1.977"/>
  <testcase classname="com.testng.TestForLogin" name="LoginLocked" time="1.876"/>
</testsuite> <!-- com.testng.TestForLogin -->
