<?xml version="1.0" encoding="UTF-8"?>
<!-- Generated by org.testng.reporters.JUnitReportReporter -->
<testsuite hostname="BLR1-LHP-N80937" failures="0" tests="1" name="com.testng.TestForLoginParameterAnnotation" time="6.852" errors="0" timestamp="2023-06-26T18:58:07 IST" skipped="0">
  <testcase classname="com.testng.TestForLoginParameterAnnotation" name="Login" time="6.852"/>
</testsuite> <!-- com.testng.TestForLoginParameterAnnotation -->
