<?xml version="1.0" encoding="UTF-8"?>
<!-- Generated by org.testng.reporters.JUnitReportReporter -->
<testsuite hostname="BLR1-LHP-N80937" failures="0" tests="4" name="com.testng.SauceDemoProductCheckOut" time="12.848" errors="0" timestamp="2023-06-27T10:57:59 IST" skipped="0">
  <testcase classname="com.testng.SauceDemoProductCheckOut" name="Login" time="2.206"/>
  <testcase classname="com.testng.SauceDemoProductCheckOut" name="addingProductToCart" time="2.148"/>
  <testcase classname="com.testng.SauceDemoProductCheckOut" name="ProductCheckOut" time="5.372"/>
  <testcase classname="com.testng.SauceDemoProductCheckOut" name="Logout" time="3.122"/>
</testsuite> <!-- com.testng.SauceDemoProductCheckOut -->
