<?xml version="1.0" encoding="UTF-8"?>
<!-- Generated by org.testng.reporters.JUnitReportReporter -->
<testsuite hostname="BLR1-LHP-N80937" failures="0" tests="1" name="com.pom.SauceTest" time="9.401" errors="0" timestamp="2023-06-28T18:37:02 IST" skipped="0">
  <testcase classname="com.pom.SauceTest" name="ProductCheckOut" time="9.401"/>
</testsuite> <!-- com.pom.SauceTest -->
