<?xml version="1.0" encoding="UTF-8"?>
<!-- Generated by org.testng.reporters.JUnitReportReporter -->
<testsuite hostname="BLR1-LHP-N80937" failures="0" tests="1" name="com.pom.SW_VerificationOfCartValue" time="2.214" errors="0" timestamp="2023-07-04T21:27:01 IST" skipped="0">
  <testcase classname="com.pom.SW_VerificationOfCartValue" name="VerifiyCartValue" time="2.214"/>
</testsuite> <!-- com.pom.SW_VerificationOfCartValue -->
