<?xml version="1.0" encoding="UTF-8"?>
<!-- Generated by org.testng.reporters.JUnitReportReporter -->
<testsuite hostname="BLR1-LHP-N80937" failures="0" tests="5" name="com.pom.SW_LoginTest" time="10.065" errors="0" timestamp="2023-07-07T13:58:15 IST" skipped="0">
  <testcase classname="com.pom.SW_LoginTest" name="verifyErrorMeassageForInvalidUser" time="1.954"/>
  <testcase classname="com.pom.SW_LoginTest" name="verifyErrorMeassageForInvalidUser" time="2.174"/>
  <testcase classname="com.pom.SW_LoginTest" name="verifyErrorMeassageForInvalidUser" time="1.968"/>
  <testcase classname="com.pom.SW_LoginTest" name="verifyErrorMeassageForInvalidUser" time="2.010"/>
  <testcase classname="com.pom.SW_LoginTest" name="verifyErrorMeassageForInvalidUser" time="1.959"/>
</testsuite> <!-- com.pom.SW_LoginTest -->
