<?xml version="1.0" encoding="UTF-8"?>
<!-- Generated by org.testng.reporters.JUnitReportReporter -->
<testsuite hostname="BLR1-LHP-N80937" failures="0" tests="6" name="com.testng.TestForLogin" time="20.639" errors="0" timestamp="2023-06-26T18:37:47 IST" skipped="0">
  <testcase classname="com.testng.TestForLogin" name="LoginSuccess" time="2.114"/>
  <testcase classname="com.testng.TestForLogin" name="LoginSuccess" time="7.747"/>
  <testcase classname="com.testng.TestForLogin" name="LoginSuccess" time="2.940"/>
  <testcase classname="com.testng.TestForLogin" name="LoginFailed" time="2.682"/>
  <testcase classname="com.testng.TestForLogin" name="LoginFailed" time="2.367"/>
  <testcase classname="com.testng.TestForLogin" name="LoginLocked" time="2.789"/>
</testsuite> <!-- com.testng.TestForLogin -->
