<?xml version="1.0" encoding="UTF-8"?>
<!-- Generated by org.testng.reporters.JUnitReportReporter -->
<testsuite hostname="BLR1-LHP-N80937" failures="0" tests="1" name="com.pom.SW_VerifyProductsInCart" time="2.211" errors="0" timestamp="2023-07-04T21:27:01 IST" skipped="0">
  <testcase classname="com.pom.SW_VerifyProductsInCart" name="ProductCheckOut" time="2.211"/>
</testsuite> <!-- com.pom.SW_VerifyProductsInCart -->
