<?xml version="1.0" encoding="UTF-8"?>
<!-- Generated by org.testng.reporters.JUnitReportReporter -->
<testsuite hostname="BLR1-LHP-N80937" failures="0" tests="1" name="com.pom.SauceWebsiteProductCheckout" time="3.350" errors="0" timestamp="2023-06-30T11:00:42 IST" skipped="0">
  <testcase classname="com.pom.SauceWebsiteProductCheckout" name="ProductCheckOut" time="3.350"/>
</testsuite> <!-- com.pom.SauceWebsiteProductCheckout -->
