<?xml version="1.0" encoding="UTF-8"?>
<!-- Generated by org.testng.reporters.JUnitReportReporter -->
<testsuite hostname="BLR1-LHP-N80937" failures="0" tests="2" name="com.testng.TestngAnnotation" time="0.003" errors="0" timestamp="2023-06-26T18:37:47 IST" skipped="0">
  <testcase classname="com.testng.TestngAnnotation" name="f" time="0.002"/>
  <testcase classname="com.testng.TestngAnnotation" name="f2" time="0.001"/>
</testsuite> <!-- com.testng.TestngAnnotation -->
